7.5s 1 0.00s - Debugger warning: It seems that frozen modules are being used, which may
7.5s 2 0.00s - make the debugger miss breakpoints. Please pass -Xfrozen_modules=off
7.5s 3 0.00s - to python to disable frozen modules.
7.5s 4 0.00s - Note: Debugging will proceed. Set PYDEVD_DISABLE_FILE_VALIDATION=1 to disable this validation.
8.1s 5 0.00s - Debugger warning: It seems that frozen modules are being used, which may
8.1s 6 0.00s - make the debugger miss breakpoints. Please pass -Xfrozen_modules=off
8.1s 7 0.00s - to python to disable frozen modules.
8.1s 8 0.00s - Note: Debugging will proceed. Set PYDEVD_DISABLE_FILE_VALIDATION=1 to disable this validation.
11.5s 9 Requirement already satisfied: polars in /usr/local/lib/python3.12/dist-packages (1.35.2)
11.5s 10 Requirement already satisfied: polars-runtime-32==1.35.2 in /usr/local/lib/python3.12/dist-packages (from polars) (1.35.2)
17.3s 11 PyArrow is installed. Version: 23.0.1
66.9s 12 Binning 8.640 GB of training data: 17.146 s
68.4s 13 Binning 0.960 GB of validation data: 1.237 s
68.9s 14 Fitting gradient boosted rounds:
1115.0s 15 Fit 375 trees in 1084.322 s, (11589 total leaves)
1115.0s 16 Time spent computing histograms: 1024.953s
1115.0s 17 Time spent finding best splits:  7.986s
1115.0s 18 Time spent applying splits:      3.473s
1115.0s 19 Time spent predicting:           0.546s
1168.6s 20 Binning 8.640 GB of training data: 22.340 s
1170.1s 21 Binning 0.960 GB of validation data: 1.247 s
1170.5s 22 Fitting gradient boosted rounds:
1633.7s 23 Fit 159 trees in 518.553 s, (4781 total leaves)
1633.7s 24 Time spent computing histograms: 454.684s
1633.7s 25 Time spent finding best splits:  3.450s
1633.7s 26 Time spent applying splits:      1.533s
1633.7s 27 Time spent predicting:           0.241s
1664.2s 28 Binning 8.640 GB of training data: 15.008 s
1665.5s 29 Binning 0.960 GB of validation data: 1.111 s
1665.5s 30 Fitting gradient boosted rounds:
2706.2s 31 Fit 352 trees in 1072.373 s, (10906 total leaves)
2706.2s 32 Time spent computing histograms: 1021.050s
2706.2s 33 Time spent finding best splits:  7.934s
2706.2s 34 Time spent applying splits:      3.463s
2706.2s 35 Time spent predicting:           0.585s
2748.1s 36 Binning 8.640 GB of training data: 16.005 s
2749.4s 37 Binning 0.960 GB of validation data: 1.149 s
2749.4s 38 Fitting gradient boosted rounds:
3740.0s 39 Fit 342 trees in 1033.774 s, (10585 total leaves)
3740.0s 40 Time spent computing histograms: 971.856s
3740.0s 41 Time spent finding best splits:  7.369s
3740.0s 42 Time spent applying splits:      3.398s
3740.0s 43 Time spent predicting:           0.557s
3774.9s 44 Binning 8.640 GB of training data: 15.824 s
3776.1s 45 Binning 0.960 GB of validation data: 1.086 s
3776.1s 46 Fitting gradient boosted rounds:
4347.1s 47 Fit 187 trees in 606.941 s, (5626 total leaves)
4347.1s 48 Time spent computing histograms: 560.631s
4347.1s 49 Time spent finding best splits:  3.956s
4347.1s 50 Time spent applying splits:      1.771s
4347.1s 51 Time spent predicting:           0.315s
4384.0s 52 Binning 8.640 GB of training data: 15.975 s
4385.3s 53 Binning 0.960 GB of validation data: 1.140 s
4385.3s 54 Fitting gradient boosted rounds:
4934.5s 55 Fit 179 trees in 587.396 s, (5546 total leaves)
4934.5s 56 Time spent computing histograms: 539.305s
4934.5s 57 Time spent finding best splits:  3.919s
4934.5s 58 Time spent applying splits:      1.709s
4934.5s 59 Time spent predicting:           0.296s
4962.0s 60 Binning 8.640 GB of training data: 14.525 s
4963.3s 61 Binning 0.960 GB of validation data: 1.125 s
4963.3s 62 Fitting gradient boosted rounds:
6183.3s 63 Fit 440 trees in 1247.776 s, (13618 total leaves)
6183.3s 64 Time spent computing histograms: 1196.246s
6183.3s 65 Time spent finding best splits:  9.228s
6183.3s 66 Time spent applying splits:      3.930s
6183.3s 67 Time spent predicting:           0.626s
6226.9s 68 Binning 8.640 GB of training data: 20.317 s
6228.3s 69 Binning 0.960 GB of validation data: 1.135 s
6228.3s 70 Fitting gradient boosted rounds:
6434.5s 71 Fit 62 trees in 251.125 s, (1921 total leaves)
6434.5s 72 Time spent computing histograms: 202.619s
6434.5s 73 Time spent finding best splits:  1.372s
6434.5s 74 Time spent applying splits:      0.578s
6434.5s 75 Time spent predicting:           0.093s
6464.6s 76 Binning 8.640 GB of training data: 14.711 s
6465.9s 77 Binning 0.960 GB of validation data: 1.142 s
6465.9s 78 Fitting gradient boosted rounds:
6979.9s 79 Fit 174 trees in 545.240 s, (5394 total leaves)
6979.9s 80 Time spent computing histograms: 504.670s
6979.9s 81 Time spent finding best splits:  3.609s
6979.9s 82 Time spent applying splits:      1.621s
6979.9s 83 Time spent predicting:           0.265s
7016.6s 84 Binning 8.640 GB of training data: 14.793 s
7017.9s 85 Binning 0.960 GB of validation data: 1.093 s
7017.9s 86 Fitting gradient boosted rounds:
7454.3s 87 Fit 151 trees in 474.286 s, (4651 total leaves)
7454.3s 88 Time spent computing histograms: 428.495s
7454.3s 89 Time spent finding best splits:  3.130s
7454.3s 90 Time spent applying splits:      1.319s
7454.3s 91 Time spent predicting:           0.221s
7492.5s 92 Binning 8.640 GB of training data: 14.963 s
7493.9s 93 Binning 0.960 GB of validation data: 1.216 s
7493.9s 94 Fitting gradient boosted rounds:
8099.7s 95 Fit 216 trees in 645.301 s, (6670 total leaves)
8099.7s 96 Time spent computing histograms: 594.536s
8099.7s 97 Time spent finding best splits:  4.490s
8099.7s 98 Time spent applying splits:      1.882s
8099.7s 99 Time spent predicting:           0.305s
8133.0s 100 Binning 8.640 GB of training data: 14.966 s
8134.3s 101 Binning 0.960 GB of validation data: 1.155 s
8134.3s 102 Fitting gradient boosted rounds:
8290.9s 103 Fit 48 trees in 191.072 s, (1488 total leaves)
8290.9s 104 Time spent computing histograms: 153.630s
8290.9s 105 Time spent finding best splits:  1.138s
8290.9s 106 Time spent applying splits:      0.468s
8290.9s 107 Time spent predicting:           0.068s
8321.9s 108 Binning 8.640 GB of training data: 14.819 s
8323.3s 109 Binning 0.960 GB of validation data: 1.143 s
8323.3s 110 Fitting gradient boosted rounds:
8444.7s 111 Fit 55 trees in 153.774 s, (1140 total leaves)
8444.7s 112 Time spent computing histograms: 119.277s
8444.7s 113 Time spent finding best splits:  0.755s
8444.7s 114 Time spent applying splits:      0.230s
8444.7s 115 Time spent predicting:           0.048s
8477.2s 116 Binning 8.640 GB of training data: 15.226 s
8478.6s 117 Binning 0.960 GB of validation data: 1.152 s
8478.6s 118 Fitting gradient boosted rounds:
9867.9s 119 Fit 500 trees in 1423.101 s, (15494 total leaves)
9867.9s 120 Time spent computing histograms: 1362.866s
9867.9s 121 Time spent finding best splits:  10.716s
9867.9s 122 Time spent applying splits:      4.420s
9867.9s 123 Time spent predicting:           0.711s
9913.8s 124 Binning 8.640 GB of training data: 17.011 s
9915.2s 125 Binning 0.960 GB of validation data: 1.188 s
9915.2s 126 Fitting gradient boosted rounds:
11066.5s 127 Fit 385 trees in 1198.484 s, (11917 total leaves)
11066.5s 128 Time spent computing histograms: 1130.352s
11066.5s 129 Time spent finding best splits:  8.529s
11066.5s 130 Time spent applying splits:      3.584s
11066.5s 131 Time spent predicting:           0.598s
11116.3s 132 Binning 8.640 GB of training data: 14.968 s
11117.7s 133 Binning 0.960 GB of validation data: 1.197 s
11117.7s 134 Fitting gradient boosted rounds:
11362.4s 135 Fit 78 trees in 295.288 s, (2416 total leaves)
11362.4s 136 Time spent computing histograms: 239.803s
11362.4s 137 Time spent finding best splits:  1.708s
11362.4s 138 Time spent applying splits:      0.730s
11362.4s 139 Time spent predicting:           0.113s
11398.1s 140 Binning 8.640 GB of training data: 14.718 s
11399.5s 141 Binning 0.960 GB of validation data: 1.190 s
11399.5s 142 Fitting gradient boosted rounds:
11669.8s 143 Fit 88 trees in 307.354 s, (2728 total leaves)
11669.8s 144 Time spent computing histograms: 265.736s
11669.8s 145 Time spent finding best splits:  1.814s
11669.8s 146 Time spent applying splits:      0.711s
11669.8s 147 Time spent predicting:           0.111s
11704.8s 148 Binning 8.640 GB of training data: 14.670 s
11706.1s 149 Binning 0.960 GB of validation data: 1.115 s
11706.1s 150 Fitting gradient boosted rounds:
12038.3s 151 Fit 123 trees in 368.385 s, (3767 total leaves)
12038.3s 152 Time spent computing histograms: 326.103s
12038.3s 153 Time spent finding best splits:  2.500s
12038.3s 154 Time spent applying splits:      0.935s
12038.3s 155 Time spent predicting:           0.142s
12079.7s 156 Binning 8.640 GB of training data: 18.846 s
12081.1s 157 Binning 0.960 GB of validation data: 1.221 s
12081.1s 158 Fitting gradient boosted rounds:
12684.7s 159 Fit 198 trees in 646.368 s, (6130 total leaves)
12684.7s 160 Time spent computing histograms: 593.232s
12684.7s 161 Time spent finding best splits:  4.128s
12684.7s 162 Time spent applying splits:      1.756s
12684.7s 163 Time spent predicting:           0.304s
12724.9s 164 Binning 8.640 GB of training data: 14.933 s
12726.3s 165 Binning 0.960 GB of validation data: 1.167 s
12726.3s 166 Fitting gradient boosted rounds:
13090.5s 167 Fit 109 trees in 405.650 s, (3379 total leaves)
13090.5s 168 Time spent computing histograms: 358.084s
13090.5s 169 Time spent finding best splits:  2.408s
13090.5s 170 Time spent applying splits:      1.062s
13090.5s 171 Time spent predicting:           0.186s
13130.6s 172 Binning 8.640 GB of training data: 17.152 s
13132.0s 173 Binning 0.960 GB of validation data: 1.223 s
13132.0s 174 Fitting gradient boosted rounds:
13365.2s 175 Fit 69 trees in 274.598 s, (2129 total leaves)
13365.2s 176 Time spent computing histograms: 229.253s
13365.2s 177 Time spent finding best splits:  1.462s
13365.2s 178 Time spent applying splits:      0.676s
13365.2s 179 Time spent predicting:           0.125s
13400.5s 180 Binning 8.640 GB of training data: 14.776 s
13401.9s 181 Binning 0.960 GB of validation data: 1.193 s
13401.9s 182 Fitting gradient boosted rounds:
13856.4s 183 Fit 149 trees in 491.091 s, (4613 total leaves)
13856.4s 184 Time spent computing histograms: 446.258s
13856.4s 185 Time spent finding best splits:  3.282s
13856.4s 186 Time spent applying splits:      1.380s
13856.4s 187 Time spent predicting:           0.226s
13894.9s 188 Binning 8.640 GB of training data: 15.334 s
13896.2s 189 Binning 0.960 GB of validation data: 1.123 s
13896.2s 190 Fitting gradient boosted rounds:
14452.7s 191 Fit 182 trees in 595.654 s, (5639 total leaves)
14452.7s 192 Time spent computing histograms: 545.834s
14452.7s 193 Time spent finding best splits:  4.073s
14452.7s 194 Time spent applying splits:      1.731s
14452.7s 195 Time spent predicting:           0.289s
14499.4s 196 Binning 8.640 GB of training data: 19.841 s
14500.7s 197 Binning 0.960 GB of validation data: 1.165 s
14500.7s 198 Fitting gradient boosted rounds:
15091.7s 199 Fit 199 trees in 638.933 s, (6163 total leaves)
15091.7s 200 Time spent computing histograms: 580.401s
15091.7s 201 Time spent finding best splits:  4.242s
15091.7s 202 Time spent applying splits:      1.810s
15091.7s 203 Time spent predicting:           0.303s
15135.6s 204 Binning 8.640 GB of training data: 15.308 s
15137.0s 205 Binning 0.960 GB of validation data: 1.191 s
15137.0s 206 Fitting gradient boosted rounds:
15587.5s 207 Fit 149 trees in 495.723 s, (4619 total leaves)
15587.5s 208 Time spent computing histograms: 441.975s
15587.5s 209 Time spent finding best splits:  3.396s
15587.5s 210 Time spent applying splits:      1.379s
15587.5s 211 Time spent predicting:           0.226s
15629.1s 212 Binning 8.640 GB of training data: 15.992 s
15630.5s 213 Binning 0.960 GB of validation data: 1.210 s
15630.5s 214 Fitting gradient boosted rounds:
15946.4s 215 Fit 106 trees in 358.698 s, (3053 total leaves)
15946.4s 216 Time spent computing histograms: 310.093s
15946.4s 217 Time spent finding best splits:  2.215s
15946.4s 218 Time spent applying splits:      0.908s
15946.4s 219 Time spent predicting:           0.150s
15985.4s 220 Binning 8.640 GB of training data: 15.115 s
15986.8s 221 Binning 0.960 GB of validation data: 1.189 s
15986.8s 222 Fitting gradient boosted rounds:
17283.9s 223 Fit 454 trees in 1337.410 s, (14041 total leaves)
17283.9s 224 Time spent computing histograms: 1273.702s
17283.9s 225 Time spent finding best splits:  9.291s
17283.9s 226 Time spent applying splits:      4.021s
17283.9s 227 Time spent predicting:           0.665s
17332.5s 228 Binning 8.640 GB of training data: 15.040 s
17333.8s 229 Binning 0.960 GB of validation data: 1.089 s
17333.8s 230 Fitting gradient boosted rounds:
18675.4s 231 Fit 480 trees in 1391.134 s, (14880 total leaves)
18675.4s 232 Time spent computing histograms: 1316.833s
18675.4s 233 Time spent finding best splits:  9.940s
18675.4s 234 Time spent applying splits:      4.286s
18675.4s 235 Time spent predicting:           0.682s
18729.8s 236 Binning 8.640 GB of training data: 19.643 s
18731.3s 237 Binning 0.960 GB of validation data: 1.248 s
18731.3s 238 Fitting gradient boosted rounds:
19374.2s 239 Fit 220 trees in 698.744 s, (6814 total leaves)
19374.2s 240 Time spent computing histograms: 631.182s
19374.2s 241 Time spent finding best splits:  4.738s
19374.2s 242 Time spent applying splits:      1.968s
19374.2s 243 Time spent predicting:           0.329s
19414.2s 244 Binning 8.640 GB of training data: 15.983 s
19415.6s 245 Binning 0.960 GB of validation data: 1.203 s
19415.6s 246 Fitting gradient boosted rounds:
20899.3s 247 Fit 500 trees in 1524.617 s, (15500 total leaves)
20899.3s 248 Time spent computing histograms: 1455.496s
20899.3s 249 Time spent finding best splits:  11.384s
20899.3s 250 Time spent applying splits:      4.990s
20899.3s 251 Time spent predicting:           0.763s
20954.2s 252 Binning 8.640 GB of training data: 16.044 s
20955.6s 253 Binning 0.960 GB of validation data: 1.175 s
20955.6s 254 Fitting gradient boosted rounds:
22337.0s 255 Fit 500 trees in 1437.578 s, (15482 total leaves)
22337.0s 256 Time spent computing histograms: 1355.427s
22337.0s 257 Time spent finding best splits:  10.600s
22337.0s 258 Time spent applying splits:      4.508s
22337.0s 259 Time spent predicting:           0.712s
22394.8s 260 Binning 8.640 GB of training data: 15.490 s
22396.2s 261 Binning 0.960 GB of validation data: 1.223 s
22396.2s 262 Fitting gradient boosted rounds:
23329.5s 263 Fit 334 trees in 992.260 s, (10254 total leaves)
23329.5s 264 Time spent computing histograms: 916.053s
23329.5s 265 Time spent finding best splits:  6.829s
23329.5s 266 Time spent applying splits:      2.919s
23329.5s 267 Time spent predicting:           0.474s
23380.5s 268 Binning 8.640 GB of training data: 18.694 s
23381.9s 269 Binning 0.960 GB of validation data: 1.193 s
23381.9s 270 Fitting gradient boosted rounds:
23806.7s 271 Fit 137 trees in 477.065 s, (4232 total leaves)
23806.7s 272 Time spent computing histograms: 417.368s
23806.7s 273 Time spent finding best splits:  2.894s
23806.7s 274 Time spent applying splits:      1.195s
23806.7s 275 Time spent predicting:           0.230s
23848.7s 276 Binning 8.640 GB of training data: 15.219 s
23850.1s 277 Binning 0.960 GB of validation data: 1.218 s
23850.1s 278 Fitting gradient boosted rounds:
24710.8s 279 Fit 257 trees in 904.093 s, (7967 total leaves)
24710.8s 280 Time spent computing histograms: 846.451s
24710.8s 281 Time spent finding best splits:  5.802s
24710.8s 282 Time spent applying splits:      2.444s
24710.8s 283 Time spent predicting:           0.452s
24757.0s 284 Binning 8.640 GB of training data: 15.312 s
24758.3s 285 Binning 0.960 GB of validation data: 1.175 s
24758.3s 286 Fitting gradient boosted rounds:
25373.8s 287 Fit 209 trees in 662.893 s, (6479 total leaves)
25373.8s 288 Time spent computing histograms: 604.485s
25373.8s 289 Time spent finding best splits:  4.357s
25373.8s 290 Time spent applying splits:      1.850s
25373.8s 291 Time spent predicting:           0.311s
25424.2s 292 Binning 8.640 GB of training data: 16.002 s
25425.5s 293 Binning 0.960 GB of validation data: 1.152 s
25425.5s 294 Fitting gradient boosted rounds:
25887.0s 295 Fit 148 trees in 512.968 s, (4514 total leaves)
25887.0s 296 Time spent computing histograms: 453.576s
25887.0s 297 Time spent finding best splits:  3.047s
25887.0s 298 Time spent applying splits:      1.282s
25887.0s 299 Time spent predicting:           0.224s
25932.3s 300 Binning 8.640 GB of training data: 15.016 s
25933.7s 301 Binning 0.960 GB of validation data: 1.155 s
25933.7s 302 Fitting gradient boosted rounds:
26463.4s 303 Fit 165 trees in 576.304 s, (5115 total leaves)
26463.4s 304 Time spent computing histograms: 520.633s
26463.4s 305 Time spent finding best splits:  3.559s
26463.4s 306 Time spent applying splits:      1.507s
26463.4s 307 Time spent predicting:           0.279s
26501.8s 308 Binning 8.640 GB of training data: 16.448 s
26503.3s 309 Binning 0.960 GB of validation data: 1.255 s
26503.3s 310 Fitting gradient boosted rounds:
27869.9s 311 Fit 467 trees in 1405.979 s, (14475 total leaves)
27869.9s 312 Time spent computing histograms: 1342.269s
27869.9s 313 Time spent finding best splits:  9.492s
27869.9s 314 Time spent applying splits:      3.917s
27869.9s 315 Time spent predicting:           0.677s
27926.2s 316 Binning 8.640 GB of training data: 15.962 s
27927.6s 317 Binning 0.960 GB of validation data: 1.242 s
27927.6s 318 Fitting gradient boosted rounds:
29167.4s 319 Fit 425 trees in 1297.363 s, (13158 total leaves)
29167.4s 320 Time spent computing histograms: 1218.266s
29167.4s 321 Time spent finding best splits:  8.576s
29167.4s 322 Time spent applying splits:      3.476s
29167.4s 323 Time spent predicting:           0.611s
29221.0s 324 Binning 8.640 GB of training data: 15.538 s
29222.5s 325 Binning 0.960 GB of validation data: 1.245 s
29222.5s 326 Fitting gradient boosted rounds:
29800.7s 327 Fit 187 trees in 633.136 s, (5623 total leaves)
29800.7s 328 Time spent computing histograms: 568.541s
29800.7s 329 Time spent finding best splits:  3.527s
29800.7s 330 Time spent applying splits:      1.676s
29800.7s 331 Time spent predicting:           0.301s
29848.9s 332 Binning 8.640 GB of training data: 15.616 s
29850.4s 333 Binning 0.960 GB of validation data: 1.242 s
29850.4s 334 Fitting gradient boosted rounds:
31294.9s 335 Fit 500 trees in 1494.014 s, (15499 total leaves)
31294.9s 336 Time spent computing histograms: 1417.880s
31294.9s 337 Time spent finding best splits:  10.409s
31294.9s 338 Time spent applying splits:      4.646s
31294.9s 339 Time spent predicting:           0.708s
31301.8s 340 /usr/local/lib/python3.12/dist-packages/sklearn/utils/validation.py:2739: UserWarning: X does not have valid feature names, but HistGradientBoostingClassifier was fitted with feature names
31301.8s 341 warnings.warn(
31301.8s 342 
31301.8s 343 /usr/local/lib/python3.12/dist-packages/sklearn/utils/validation.py:2739: UserWarning: X does not have valid feature names, but HistGradientBoostingClassifier was fitted with feature names
31301.8s 344 warnings.warn(
31313.6s 345 /usr/local/lib/python3.12/dist-packages/sklearn/utils/validation.py:2739: UserWarning: X does not have valid feature names, but HistGradientBoostingClassifier was fitted with feature names
31313.6s 346 warnings.warn(
31313.6s 347 
31313.6s 348 /usr/local/lib/python3.12/dist-packages/sklearn/utils/validation.py:2739: UserWarning: X does not have valid feature names, but HistGradientBoostingClassifier was fitted with feature names
31313.6s 349 warnings.warn(
31317.6s 350 /usr/local/lib/python3.12/dist-packages/sklearn/utils/validation.py:2739: UserWarning: X does not have valid feature names, but HistGradientBoostingClassifier was fitted with feature names
31317.6s 351 warnings.warn(
31317.6s 352 
31317.6s 353 /usr/local/lib/python3.12/dist-packages/sklearn/utils/validation.py:2739: UserWarning: X does not have valid feature names, but HistGradientBoostingClassifier was fitted with feature names
31317.6s 354 warnings.warn(
31324.3s 355 /usr/local/lib/python3.12/dist-packages/sklearn/utils/validation.py:2739: UserWarning: X does not have valid feature names, but HistGradientBoostingClassifier was fitted with feature names
31324.3s 356 warnings.warn(
31324.3s 357 
31324.3s 358 /usr/local/lib/python3.12/dist-packages/sklearn/utils/validation.py:2739: UserWarning: X does not have valid feature names, but HistGradientBoostingClassifier was fitted with feature names
31324.3s 359 warnings.warn(
31330.7s 360 /usr/local/lib/python3.12/dist-packages/sklearn/utils/validation.py:2739: UserWarning: X does not have valid feature names, but HistGradientBoostingClassifier was fitted with feature names
31330.7s 361 warnings.warn(
31330.7s 362 
31330.7s 363 /usr/local/lib/python3.12/dist-packages/sklearn/utils/validation.py:2739: UserWarning: X does not have valid feature names, but HistGradientBoostingClassifier was fitted with feature names
31330.7s 364 warnings.warn(
31335.1s 365 /usr/local/lib/python3.12/dist-packages/sklearn/utils/validation.py:2739: UserWarning: X does not have valid feature names, but HistGradientBoostingClassifier was fitted with feature names
31335.1s 366 warnings.warn(
31335.1s 367 
31335.1s 368 /usr/local/lib/python3.12/dist-packages/sklearn/utils/validation.py:2739: UserWarning: X does not have valid feature names, but HistGradientBoostingClassifier was fitted with feature names
31335.1s 369 warnings.warn(
31339.3s 370 /usr/local/lib/python3.12/dist-packages/sklearn/utils/validation.py:2739: UserWarning: X does not have valid feature names, but HistGradientBoostingClassifier was fitted with feature names
31339.3s 371 warnings.warn(
31339.3s 372 
31339.3s 373 /usr/local/lib/python3.12/dist-packages/sklearn/utils/validation.py:2739: UserWarning: X does not have valid feature names, but HistGradientBoostingClassifier was fitted with feature names
31339.3s 374 warnings.warn(
31346.9s 375 /usr/local/lib/python3.12/dist-packages/sklearn/utils/validation.py:2739: UserWarning: X does not have valid feature names, but HistGradientBoostingClassifier was fitted with feature names
31346.9s 376 warnings.warn(
31346.9s 377 
31346.9s 378 /usr/local/lib/python3.12/dist-packages/sklearn/utils/validation.py:2739: UserWarning: X does not have valid feature names, but HistGradientBoostingClassifier was fitted with feature names
31346.9s 379 warnings.warn(
31349.5s 380 /usr/local/lib/python3.12/dist-packages/sklearn/utils/validation.py:2739: UserWarning: X does not have valid feature names, but HistGradientBoostingClassifier was fitted with feature names
31349.5s 381 warnings.warn(
31349.5s 382 
31349.5s 383 /usr/local/lib/python3.12/dist-packages/sklearn/utils/validation.py:2739: UserWarning: X does not have valid feature names, but HistGradientBoostingClassifier was fitted with feature names
31349.5s 384 warnings.warn(
31353.6s 385 /usr/local/lib/python3.12/dist-packages/sklearn/utils/validation.py:2739: UserWarning: X does not have valid feature names, but HistGradientBoostingClassifier was fitted with feature names
31353.6s 386 warnings.warn(
31353.6s 387 
31353.6s 388 /usr/local/lib/python3.12/dist-packages/sklearn/utils/validation.py:2739: UserWarning: X does not have valid feature names, but HistGradientBoostingClassifier was fitted with feature names
31353.6s 389 warnings.warn(
31357.4s 390 /usr/local/lib/python3.12/dist-packages/sklearn/utils/validation.py:2739: UserWarning: X does not have valid feature names, but HistGradientBoostingClassifier was fitted with feature names
31357.4s 391 warnings.warn(
31357.4s 392 
31357.4s 393 /usr/local/lib/python3.12/dist-packages/sklearn/utils/validation.py:2739: UserWarning: X does not have valid feature names, but HistGradientBoostingClassifier was fitted with feature names
31357.4s 394 warnings.warn(
31362.0s 395 /usr/local/lib/python3.12/dist-packages/sklearn/utils/validation.py:2739: UserWarning: X does not have valid feature names, but HistGradientBoostingClassifier was fitted with feature names
31362.0s 396 warnings.warn(
31362.0s 397 
31362.0s 398 /usr/local/lib/python3.12/dist-packages/sklearn/utils/validation.py:2739: UserWarning: X does not have valid feature names, but HistGradientBoostingClassifier was fitted with feature names
31362.0s 399 warnings.warn(
31364.4s 400 /usr/local/lib/python3.12/dist-packages/sklearn/utils/validation.py:2739: UserWarning: X does not have valid feature names, but HistGradientBoostingClassifier was fitted with feature names
31364.4s 401 warnings.warn(
31364.4s 402 
31364.4s 403 /usr/local/lib/python3.12/dist-packages/sklearn/utils/validation.py:2739: UserWarning: X does not have valid feature names, but HistGradientBoostingClassifier was fitted with feature names
31364.4s 404 warnings.warn(
31366.5s 405 /usr/local/lib/python3.12/dist-packages/sklearn/utils/validation.py:2739: UserWarning: X does not have valid feature names, but HistGradientBoostingClassifier was fitted with feature names
31366.5s 406 warnings.warn(
31366.5s 407 
31366.5s 408 /usr/local/lib/python3.12/dist-packages/sklearn/utils/validation.py:2739: UserWarning: X does not have valid feature names, but HistGradientBoostingClassifier was fitted with feature names
31366.5s 409 warnings.warn(
31374.8s 410 /usr/local/lib/python3.12/dist-packages/sklearn/utils/validation.py:2739: UserWarning: X does not have valid feature names, but HistGradientBoostingClassifier was fitted with feature names
31374.8s 411 warnings.warn(
31374.8s 412 
31374.8s 413 /usr/local/lib/python3.12/dist-packages/sklearn/utils/validation.py:2739: UserWarning: X does not have valid feature names, but HistGradientBoostingClassifier was fitted with feature names
31374.8s 414 warnings.warn(
31381.9s 415 /usr/local/lib/python3.12/dist-packages/sklearn/utils/validation.py:2739: UserWarning: X does not have valid feature names, but HistGradientBoostingClassifier was fitted with feature names
31381.9s 416 warnings.warn(
31381.9s 417 
31381.9s 418 /usr/local/lib/python3.12/dist-packages/sklearn/utils/validation.py:2739: UserWarning: X does not have valid feature names, but HistGradientBoostingClassifier was fitted with feature names
31381.9s 419 warnings.warn(
31384.7s 420 /usr/local/lib/python3.12/dist-packages/sklearn/utils/validation.py:2739: UserWarning: X does not have valid feature names, but HistGradientBoostingClassifier was fitted with feature names
31384.7s 421 warnings.warn(
31384.7s 422 
31384.7s 423 /usr/local/lib/python3.12/dist-packages/sklearn/utils/validation.py:2739: UserWarning: X does not have valid feature names, but HistGradientBoostingClassifier was fitted with feature names
31384.7s 424 warnings.warn(
31387.6s 425 /usr/local/lib/python3.12/dist-packages/sklearn/utils/validation.py:2739: UserWarning: X does not have valid feature names, but HistGradientBoostingClassifier was fitted with feature names
31387.6s 426 warnings.warn(
31387.6s 427 
31387.6s 428 /usr/local/lib/python3.12/dist-packages/sklearn/utils/validation.py:2739: UserWarning: X does not have valid feature names, but HistGradientBoostingClassifier was fitted with feature names
31387.6s 429 warnings.warn(
31390.8s 430 /usr/local/lib/python3.12/dist-packages/sklearn/utils/validation.py:2739: UserWarning: X does not have valid feature names, but HistGradientBoostingClassifier was fitted with feature names
31390.8s 431 warnings.warn(
31390.8s 432 
31390.8s 433 /usr/local/lib/python3.12/dist-packages/sklearn/utils/validation.py:2739: UserWarning: X does not have valid feature names, but HistGradientBoostingClassifier was fitted with feature names
31390.8s 434 warnings.warn(
31395.2s 435 /usr/local/lib/python3.12/dist-packages/sklearn/utils/validation.py:2739: UserWarning: X does not have valid feature names, but HistGradientBoostingClassifier was fitted with feature names
31395.2s 436 warnings.warn(
31395.2s 437 
31395.2s 438 /usr/local/lib/python3.12/dist-packages/sklearn/utils/validation.py:2739: UserWarning: X does not have valid feature names, but HistGradientBoostingClassifier was fitted with feature names
31395.2s 439 warnings.warn(
31398.6s 440 /usr/local/lib/python3.12/dist-packages/sklearn/utils/validation.py:2739: UserWarning: X does not have valid feature names, but HistGradientBoostingClassifier was fitted with feature names
31398.6s 441 warnings.warn(
31398.6s 442 
31398.6s 443 /usr/local/lib/python3.12/dist-packages/sklearn/utils/validation.py:2739: UserWarning: X does not have valid feature names, but HistGradientBoostingClassifier was fitted with feature names
31398.6s 444 warnings.warn(
31401.3s 445 /usr/local/lib/python3.12/dist-packages/sklearn/utils/validation.py:2739: UserWarning: X does not have valid feature names, but HistGradientBoostingClassifier was fitted with feature names
31401.3s 446 warnings.warn(
31401.3s 447 
31401.3s 448 /usr/local/lib/python3.12/dist-packages/sklearn/utils/validation.py:2739: UserWarning: X does not have valid feature names, but HistGradientBoostingClassifier was fitted with feature names
31401.3s 449 warnings.warn(
31405.1s 450 /usr/local/lib/python3.12/dist-packages/sklearn/utils/validation.py:2739: UserWarning: X does not have valid feature names, but HistGradientBoostingClassifier was fitted with feature names
31405.1s 451 warnings.warn(
31405.1s 452 
31405.1s 453 /usr/local/lib/python3.12/dist-packages/sklearn/utils/validation.py:2739: UserWarning: X does not have valid feature names, but HistGradientBoostingClassifier was fitted with feature names
31405.1s 454 warnings.warn(
31409.3s 455 /usr/local/lib/python3.12/dist-packages/sklearn/utils/validation.py:2739: UserWarning: X does not have valid feature names, but HistGradientBoostingClassifier was fitted with feature names
31409.3s 456 warnings.warn(
31409.3s 457 
31409.3s 458 /usr/local/lib/python3.12/dist-packages/sklearn/utils/validation.py:2739: UserWarning: X does not have valid feature names, but HistGradientBoostingClassifier was fitted with feature names
31409.3s 459 warnings.warn(
31413.7s 460 /usr/local/lib/python3.12/dist-packages/sklearn/utils/validation.py:2739: UserWarning: X does not have valid feature names, but HistGradientBoostingClassifier was fitted with feature names
31413.7s 461 warnings.warn(
31413.7s 462 
31413.7s 463 /usr/local/lib/python3.12/dist-packages/sklearn/utils/validation.py:2739: UserWarning: X does not have valid feature names, but HistGradientBoostingClassifier was fitted with feature names
31413.7s 464 warnings.warn(
31417.4s 465 /usr/local/lib/python3.12/dist-packages/sklearn/utils/validation.py:2739: UserWarning: X does not have valid feature names, but HistGradientBoostingClassifier was fitted with feature names
31417.4s 466 warnings.warn(
31417.4s 467 
31417.4s 468 /usr/local/lib/python3.12/dist-packages/sklearn/utils/validation.py:2739: UserWarning: X does not have valid feature names, but HistGradientBoostingClassifier was fitted with feature names
31417.4s 469 warnings.warn(
31420.4s 470 /usr/local/lib/python3.12/dist-packages/sklearn/utils/validation.py:2739: UserWarning: X does not have valid feature names, but HistGradientBoostingClassifier was fitted with feature names
31420.4s 471 warnings.warn(
31420.4s 472 
31420.4s 473 /usr/local/lib/python3.12/dist-packages/sklearn/utils/validation.py:2739: UserWarning: X does not have valid feature names, but HistGradientBoostingClassifier was fitted with feature names
31420.4s 474 warnings.warn(
31428.2s 475 /usr/local/lib/python3.12/dist-packages/sklearn/utils/validation.py:2739: UserWarning: X does not have valid feature names, but HistGradientBoostingClassifier was fitted with feature names
31428.2s 476 warnings.warn(
31428.2s 477 
31428.2s 478 /usr/local/lib/python3.12/dist-packages/sklearn/utils/validation.py:2739: UserWarning: X does not have valid feature names, but HistGradientBoostingClassifier was fitted with feature names
31428.2s 479 warnings.warn(
31436.1s 480 /usr/local/lib/python3.12/dist-packages/sklearn/utils/validation.py:2739: UserWarning: X does not have valid feature names, but HistGradientBoostingClassifier was fitted with feature names
31436.1s 481 warnings.warn(
31436.1s 482 
31436.1s 483 /usr/local/lib/python3.12/dist-packages/sklearn/utils/validation.py:2739: UserWarning: X does not have valid feature names, but HistGradientBoostingClassifier was fitted with feature names
31436.1s 484 warnings.warn(
31440.6s 485 /usr/local/lib/python3.12/dist-packages/sklearn/utils/validation.py:2739: UserWarning: X does not have valid feature names, but HistGradientBoostingClassifier was fitted with feature names
31440.6s 486 warnings.warn(
31440.6s 487 
31440.6s 488 /usr/local/lib/python3.12/dist-packages/sklearn/utils/validation.py:2739: UserWarning: X does not have valid feature names, but HistGradientBoostingClassifier was fitted with feature names
31440.6s 489 warnings.warn(
31449.4s 490 /usr/local/lib/python3.12/dist-packages/sklearn/utils/validation.py:2739: UserWarning: X does not have valid feature names, but HistGradientBoostingClassifier was fitted with feature names
31449.4s 491 warnings.warn(
31449.4s 492 
31449.4s 493 /usr/local/lib/python3.12/dist-packages/sklearn/utils/validation.py:2739: UserWarning: X does not have valid feature names, but HistGradientBoostingClassifier was fitted with feature names
31449.4s 494 warnings.warn(
31457.7s 495 /usr/local/lib/python3.12/dist-packages/sklearn/utils/validation.py:2739: UserWarning: X does not have valid feature names, but HistGradientBoostingClassifier was fitted with feature names
31457.7s 496 warnings.warn(
31457.7s 497 
31457.7s 498 /usr/local/lib/python3.12/dist-packages/sklearn/utils/validation.py:2739: UserWarning: X does not have valid feature names, but HistGradientBoostingClassifier was fitted with feature names
31457.7s 499 warnings.warn(
31463.8s 500 /usr/local/lib/python3.12/dist-packages/sklearn/utils/validation.py:2739: UserWarning: X does not have valid feature names, but HistGradientBoostingClassifier was fitted with feature names
31463.8s 501 warnings.warn(
31463.8s 502 
31463.8s 503 /usr/local/lib/python3.12/dist-packages/sklearn/utils/validation.py:2739: UserWarning: X does not have valid feature names, but HistGradientBoostingClassifier was fitted with feature names
31463.8s 504 warnings.warn(
31467.3s 505 /usr/local/lib/python3.12/dist-packages/sklearn/utils/validation.py:2739: UserWarning: X does not have valid feature names, but HistGradientBoostingClassifier was fitted with feature names
31467.3s 506 warnings.warn(
31467.3s 507 
31467.3s 508 /usr/local/lib/python3.12/dist-packages/sklearn/utils/validation.py:2739: UserWarning: X does not have valid feature names, but HistGradientBoostingClassifier was fitted with feature names
31467.3s 509 warnings.warn(
31472.4s 510 /usr/local/lib/python3.12/dist-packages/sklearn/utils/validation.py:2739: UserWarning: X does not have valid feature names, but HistGradientBoostingClassifier was fitted with feature names
31472.4s 511 warnings.warn(
31472.4s 512 
31472.4s 513 /usr/local/lib/python3.12/dist-packages/sklearn/utils/validation.py:2739: UserWarning: X does not have valid feature names, but HistGradientBoostingClassifier was fitted with feature names
31472.4s 514 warnings.warn(
31476.9s 515 /usr/local/lib/python3.12/dist-packages/sklearn/utils/validation.py:2739: UserWarning: X does not have valid feature names, but HistGradientBoostingClassifier was fitted with feature names
31476.9s 516 warnings.warn(
31476.9s 517 
31476.9s 518 /usr/local/lib/python3.12/dist-packages/sklearn/utils/validation.py:2739: UserWarning: X does not have valid feature names, but HistGradientBoostingClassifier was fitted with feature names
31476.9s 519 warnings.warn(
31480.6s 520 /usr/local/lib/python3.12/dist-packages/sklearn/utils/validation.py:2739: UserWarning: X does not have valid feature names, but HistGradientBoostingClassifier was fitted with feature names
31480.6s 521 warnings.warn(
31480.6s 522 
31480.6s 523 /usr/local/lib/python3.12/dist-packages/sklearn/utils/validation.py:2739: UserWarning: X does not have valid feature names, but HistGradientBoostingClassifier was fitted with feature names
31480.6s 524 warnings.warn(
31484.5s 525 /usr/local/lib/python3.12/dist-packages/sklearn/utils/validation.py:2739: UserWarning: X does not have valid feature names, but HistGradientBoostingClassifier was fitted with feature names
31484.5s 526 warnings.warn(
31484.5s 527 
31484.5s 528 /usr/local/lib/python3.12/dist-packages/sklearn/utils/validation.py:2739: UserWarning: X does not have valid feature names, but HistGradientBoostingClassifier was fitted with feature names
31484.5s 529 warnings.warn(
31492.2s 530 /usr/local/lib/python3.12/dist-packages/sklearn/utils/validation.py:2739: UserWarning: X does not have valid feature names, but HistGradientBoostingClassifier was fitted with feature names
31492.2s 531 warnings.warn(
31492.2s 532 
31492.2s 533 /usr/local/lib/python3.12/dist-packages/sklearn/utils/validation.py:2739: UserWarning: X does not have valid feature names, but HistGradientBoostingClassifier was fitted with feature names
31492.2s 534 warnings.warn(
31499.1s 535 /usr/local/lib/python3.12/dist-packages/sklearn/utils/validation.py:2739: UserWarning: X does not have valid feature names, but HistGradientBoostingClassifier was fitted with feature names
31499.1s 536 warnings.warn(
31499.1s 537 
31499.1s 538 /usr/local/lib/python3.12/dist-packages/sklearn/utils/validation.py:2739: UserWarning: X does not have valid feature names, but HistGradientBoostingClassifier was fitted with feature names
31499.1s 539 warnings.warn(
31503.2s 540 /usr/local/lib/python3.12/dist-packages/sklearn/utils/validation.py:2739: UserWarning: X does not have valid feature names, but HistGradientBoostingClassifier was fitted with feature names
31503.2s 541 warnings.warn(
31503.2s 542 
31503.2s 543 /usr/local/lib/python3.12/dist-packages/sklearn/utils/validation.py:2739: UserWarning: X does not have valid feature names, but HistGradientBoostingClassifier was fitted with feature names
31503.2s 544 warnings.warn(
31517.3s 545 /usr/local/lib/python3.12/dist-packages/mistune.py:435: SyntaxWarning: invalid escape sequence '\|'
31517.3s 546 cells[i][c] = re.sub('\\\\\|', '|', cell)
31517.6s 547 /usr/local/lib/python3.12/dist-packages/nbconvert/filters/filter_links.py:36: SyntaxWarning: invalid escape sequence '\_'
31517.6s 548 text = re.sub(r'_', '\_', text) # Escape underscores in display text
31518.3s 549 [NbConvertApp] Converting notebook __notebook__.ipynb to notebook
31518.5s 550 [NbConvertApp] Writing 62117 bytes to __notebook__.ipynb
31521.0s 551 [NbConvertApp] Converting notebook __notebook__.ipynb to html
31522.0s 552 [NbConvertApp] Writing 325942 bytes to __results__.html