7.6s 1 0.00s - Debugger warning: It seems that frozen modules are being used, which may
7.6s 2 0.00s - make the debugger miss breakpoints. Please pass -Xfrozen_modules=off
7.6s 3 0.00s - to python to disable frozen modules.
7.6s 4 0.00s - Note: Debugging will proceed. Set PYDEVD_DISABLE_FILE_VALIDATION=1 to disable this validation.
8.2s 5 0.00s - Debugger warning: It seems that frozen modules are being used, which may
8.2s 6 0.00s - make the debugger miss breakpoints. Please pass -Xfrozen_modules=off
8.2s 7 0.00s - to python to disable frozen modules.
8.2s 8 0.00s - Note: Debugging will proceed. Set PYDEVD_DISABLE_FILE_VALIDATION=1 to disable this validation.
12.5s 9 [?25l   [90m━━━━━━━━━━━━━━━━━━━━━━━━━━━━━━━━━━━━━━━━[0m [32m0.0/63.1 kB[0m [31m?[0m eta [36m-:--:--[0m[2K   [90m━━━━━━━━━━━━━━━━━━━━━━━━━━━━━━━━━━━━━━━━[0m [32m63.1/63.1 kB[0m [31m2.8 MB/s[0m eta [36m0:00:00[0m
12.6s 10 [?25h[?25l   [90m━━━━━━━━━━━━━━━━━━━━━━━━━━━━━━━━━━━━━━━━[0m [32m0.0/17.2 MB[0m [31m?[0m eta [36m-:--:--[0m[2K   [91m━━━━━━━━[0m[91m╸[0m[90m━━━━━━━━━━━━━━━━━━━━━━━━━━━━━━━[0m [32m3.7/17.2 MB[0m [31m109.8 MB/s[0m eta [36m0:00:01[0m[2K   [91m━━━━━━━━━━━━━━━━━━━━━━━━━━[0m[90m╺[0m[90m━━━━━━━━━━━━━[0m [32m11.3/17.2 MB[0m [31m216.9 MB/s[0m eta [36m0:00:01[0m[2K   [91m━━━━━━━━━━━━━━━━━━━━━━━━━━━━━━━━━━━━━━━[0m[91m╸[0m [32m17.2/17.2 MB[0m [31m245.4 MB/s[0m eta [36m0:00:01[0m[2K   [91m━━━━━━━━━━━━━━━━━━━━━━━━━━━━━━━━━━━━━━━[0m[91m╸[0m [32m17.2/17.2 MB[0m [31m245.4 MB/s[0m eta [36m0:00:01[0m[2K   [90m━━━━━━━━━━━━━━━━━━━━━━━━━━━━━━━━━━━━━━━━[0m [32m17.2/17.2 MB[0m [31m95.4 MB/s[0m eta [36m0:00:00[0m
12.7s 11 [?25h[?25l   [90m━━━━━━━━━━━━━━━━━━━━━━━━━━━━━━━━━━━━━━━━[0m [32m0.0/1.0 MB[0m [31m?[0m eta [36m-:--:--[0m[2K   [90m━━━━━━━━━━━━━━━━━━━━━━━━━━━━━━━━━━━━━━━━[0m [32m1.0/1.0 MB[0m [31m44.1 MB/s[0m eta [36m0:00:00[0m
12.8s 12 [?25h[?25l   [90m━━━━━━━━━━━━━━━━━━━━━━━━━━━━━━━━━━━━━━━━[0m [32m0.0/198.7 kB[0m [31m?[0m eta [36m-:--:--[0m[2K   [90m━━━━━━━━━━━━━━━━━━━━━━━━━━━━━━━━━━━━━━━━[0m [32m198.7/198.7 kB[0m [31m14.5 MB/s[0m eta [36m0:00:00[0m
16.0s 13 [?25h[31mERROR: pip's dependency resolver does not currently take into account all the packages that are installed. This behaviour is the source of the following dependency conflicts.
16.0s 14 cuml-cu12 26.2.0 requires treelite<5.0.0,>=4.6.1, but you have treelite 3.9.1 which is incompatible.[0m[31m
45.3s 15 [0m
45.3s 16 [1/4] Loading features...
59.2s 17 X_train: (750000, 1300), X_test: (250000, 1300)
59.4s 18 
59.4s 19 [2/4] Training SketchBoost 5-fold...
76.4s 20 
76.4s 21 ── Fold 1/5 ──
120.7s 22 [08:29:04] Stdout logging level is INFO.
120.7s 23 [08:29:04] GDBT train starts. Max iter 5000, early stopping rounds 200
128.0s 24 [08:29:12] Iter 0; Sample 0, BCE = 0.10437820827170252;
173.9s 25 [08:29:58] Iter 100; Sample 0, BCE = 0.08682933440887237;
223.8s 26 [08:30:48] Iter 200; Sample 0, BCE = 0.08486245428079457;
276.4s 27 [08:31:40] Iter 300; Sample 0, BCE = 0.08397077757700398;
328.3s 28 [08:32:32] Iter 400; Sample 0, BCE = 0.08344779376668633;
380.3s 29 [08:33:24] Iter 500; Sample 0, BCE = 0.08308452141815684;
432.2s 30 [08:34:16] Iter 600; Sample 0, BCE = 0.08283231242179663;
484.2s 31 [08:35:08] Iter 700; Sample 0, BCE = 0.0826531304638161;
536.1s 32 [08:36:00] Iter 800; Sample 0, BCE = 0.08251007930126383;
587.8s 33 [08:36:51] Iter 900; Sample 0, BCE = 0.08240493453279477;
639.5s 34 [08:37:43] Iter 1000; Sample 0, BCE = 0.0823039639971692;
691.2s 35 [08:38:35] Iter 1100; Sample 0, BCE = 0.08222163268304;
742.7s 36 [08:39:26] Iter 1200; Sample 0, BCE = 0.0821564005693544;
794.3s 37 [08:40:18] Iter 1300; Sample 0, BCE = 0.08210464886177159;
845.9s 38 [08:41:10] Iter 1400; Sample 0, BCE = 0.0820564866104428;
897.5s 39 [08:42:01] Iter 1500; Sample 0, BCE = 0.08201230050688432;
949.2s 40 [08:42:53] Iter 1600; Sample 0, BCE = 0.0819684392081171;
1000.8s 41 [08:43:44] Iter 1700; Sample 0, BCE = 0.08193016905875024;
1052.4s 42 [08:44:36] Iter 1800; Sample 0, BCE = 0.0818903220681273;
1103.9s 43 [08:45:28] Iter 1900; Sample 0, BCE = 0.08186460791283004;
1155.6s 44 [08:46:19] Iter 2000; Sample 0, BCE = 0.08184609477352198;
1207.2s 45 [08:47:11] Iter 2100; Sample 0, BCE = 0.08182725985161625;
1258.7s 46 [08:48:02] Iter 2200; Sample 0, BCE = 0.08180981074340818;
1310.3s 47 [08:48:54] Iter 2300; Sample 0, BCE = 0.08179102400483651;
1361.8s 48 [08:49:46] Iter 2400; Sample 0, BCE = 0.08177001473915879;
1413.4s 49 [08:50:37] Iter 2500; Sample 0, BCE = 0.08175803094741724;
1465.0s 50 [08:51:29] Iter 2600; Sample 0, BCE = 0.08173885881516442;
1516.5s 51 [08:52:20] Iter 2700; Sample 0, BCE = 0.08173062407441939;
1568.1s 52 [08:53:12] Iter 2800; Sample 0, BCE = 0.08172279981893503;
1619.5s 53 [08:54:03] Iter 2900; Sample 0, BCE = 0.08171113524729012;
1671.0s 54 [08:54:55] Iter 3000; Sample 0, BCE = 0.08170206009422692;
1722.3s 55 [08:55:46] Iter 3100; Sample 0, BCE = 0.08169164252782615;
1773.8s 56 [08:56:37] Iter 3200; Sample 0, BCE = 0.08168516968923825;
1825.2s 57 [08:57:29] Iter 3300; Sample 0, BCE = 0.08167522391481126;
1876.8s 58 [08:58:20] Iter 3400; Sample 0, BCE = 0.08167128125954987;
1928.6s 59 [08:59:12] Iter 3500; Sample 0, BCE = 0.0816643214585068;
1980.2s 60 [09:00:04] Iter 3600; Sample 0, BCE = 0.08165683612511243;
2031.8s 61 [09:00:55] Iter 3700; Sample 0, BCE = 0.08165493338598259;
2083.3s 62 [09:01:47] Iter 3800; Sample 0, BCE = 0.08164687111647818;
2134.9s 63 [09:02:39] Iter 3900; Sample 0, BCE = 0.08164693899179026;
2186.5s 64 [09:03:30] Iter 4000; Sample 0, BCE = 0.08164456770877966;
2238.2s 65 [09:04:22] Iter 4100; Sample 0, BCE = 0.0816442652087676;
2289.9s 66 [09:05:14] Iter 4200; Sample 0, BCE = 0.08164286765391376;
2341.7s 67 [09:06:05] Iter 4300; Sample 0, BCE = 0.08164063159580182;
2393.4s 68 [09:06:57] Iter 4400; Sample 0, BCE = 0.08164389081675205;
2439.3s 69 [09:07:43] Early stopping at iter 4490, best iter 4290, best_score 0.08164010664986242
2453.4s 70 Fold 1 AUC=0.83760 (39.6 min)
2453.8s 71 
2453.8s 72 ── Fold 2/5 ──
2492.8s 73 [09:08:36] Stdout logging level is INFO.
2492.8s 74 [09:08:36] GDBT train starts. Max iter 5000, early stopping rounds 200
2493.3s 75 [09:08:37] Iter 0; Sample 0, BCE = 0.1038667950105928;
2546.4s 76 [09:09:30] Iter 100; Sample 0, BCE = 0.08667672003836466;
2598.1s 77 [09:10:22] Iter 200; Sample 0, BCE = 0.08475717705877173;
2650.5s 78 [09:11:14] Iter 300; Sample 0, BCE = 0.08386681224888527;
2702.6s 79 [09:12:06] Iter 400; Sample 0, BCE = 0.08331659187764026;
2754.6s 80 [09:12:58] Iter 500; Sample 0, BCE = 0.08296080797567924;
2806.5s 81 [09:13:50] Iter 600; Sample 0, BCE = 0.08270461751375138;
2858.3s 82 [09:14:42] Iter 700; Sample 0, BCE = 0.08252437475271218;
2910.1s 83 [09:15:34] Iter 800; Sample 0, BCE = 0.08240348852922076;
2961.7s 84 [09:16:25] Iter 900; Sample 0, BCE = 0.08229839173252629;
3013.4s 85 [09:17:17] Iter 1000; Sample 0, BCE = 0.0822083067181242;
3065.1s 86 [09:18:09] Iter 1100; Sample 0, BCE = 0.08213881639558425;
3116.7s 87 [09:19:00] Iter 1200; Sample 0, BCE = 0.08206885253531628;
3168.4s 88 [09:19:52] Iter 1300; Sample 0, BCE = 0.08200898408796642;
3220.1s 89 [09:20:44] Iter 1400; Sample 0, BCE = 0.08195168401369272;
3271.8s 90 [09:21:36] Iter 1500; Sample 0, BCE = 0.081913631874031;
3323.5s 91 [09:22:27] Iter 1600; Sample 0, BCE = 0.08187443234010881;
3375.1s 92 [09:23:19] Iter 1700; Sample 0, BCE = 0.08184710549919318;
3426.8s 93 [09:24:10] Iter 1800; Sample 0, BCE = 0.08181966608020232;
3478.4s 94 [09:25:02] Iter 1900; Sample 0, BCE = 0.08179029408656262;
3530.0s 95 [09:25:54] Iter 2000; Sample 0, BCE = 0.08176991633870723;
3581.5s 96 [09:26:45] Iter 2100; Sample 0, BCE = 0.08174802591000153;
3633.1s 97 [09:27:37] Iter 2200; Sample 0, BCE = 0.08173144330109446;
3684.6s 98 [09:28:28] Iter 2300; Sample 0, BCE = 0.08171293327023524;
3736.2s 99 [09:29:20] Iter 2400; Sample 0, BCE = 0.08170079440232275;
3787.8s 100 [09:30:12] Iter 2500; Sample 0, BCE = 0.08168637016754182;
3839.5s 101 [09:31:03] Iter 2600; Sample 0, BCE = 0.08167479028287847;
3891.2s 102 [09:31:55] Iter 2700; Sample 0, BCE = 0.08165833654152009;
3942.7s 103 [09:32:46] Iter 2800; Sample 0, BCE = 0.0816493030633351;
3994.3s 104 [09:33:38] Iter 2900; Sample 0, BCE = 0.08163171308665734;
4045.9s 105 [09:34:30] Iter 3000; Sample 0, BCE = 0.08162127460492688;
4097.4s 106 [09:35:21] Iter 3100; Sample 0, BCE = 0.08160983910985184;
4148.9s 107 [09:36:13] Iter 3200; Sample 0, BCE = 0.08160071611611758;
4200.4s 108 [09:37:04] Iter 3300; Sample 0, BCE = 0.08159064030970817;
4252.1s 109 [09:37:56] Iter 3400; Sample 0, BCE = 0.08158668544399422;
4303.7s 110 [09:38:47] Iter 3500; Sample 0, BCE = 0.08157854784577856;
4355.3s 111 [09:39:39] Iter 3600; Sample 0, BCE = 0.08157410827435166;
4406.9s 112 [09:40:31] Iter 3700; Sample 0, BCE = 0.08157036312278057;
4458.6s 113 [09:41:22] Iter 3800; Sample 0, BCE = 0.08156627765470895;
4510.0s 114 [09:42:14] Iter 3900; Sample 0, BCE = 0.08156315907083471;
4561.6s 115 [09:43:05] Iter 4000; Sample 0, BCE = 0.08155647541970708;
4613.2s 116 [09:43:57] Iter 4100; Sample 0, BCE = 0.0815525350665782;
4664.7s 117 [09:44:48] Iter 4200; Sample 0, BCE = 0.08155077180024223;
4716.2s 118 [09:45:40] Iter 4300; Sample 0, BCE = 0.08155470539484498;
4743.6s 119 [09:46:07] Early stopping at iter 4354, best iter 4154, best_score 0.08154947457588402
4756.3s 120 Fold 2 AUC=0.83707 (38.4 min)
4756.7s 121 
4756.7s 122 ── Fold 3/5 ──
4793.5s 123 [09:46:57] Stdout logging level is INFO.
4793.5s 124 [09:46:57] GDBT train starts. Max iter 5000, early stopping rounds 200
4794.1s 125 [09:46:58] Iter 0; Sample 0, BCE = 0.10404003320204425;
4847.2s 126 [09:47:51] Iter 100; Sample 0, BCE = 0.08669691590589271;
4898.9s 127 [09:48:43] Iter 200; Sample 0, BCE = 0.08478365300198731;
4951.1s 128 [09:49:35] Iter 300; Sample 0, BCE = 0.08389978082541924;
5003.1s 129 [09:50:27] Iter 400; Sample 0, BCE = 0.08340237178554331;
5055.1s 130 [09:51:19] Iter 500; Sample 0, BCE = 0.08307418105334782;
5106.9s 131 [09:52:11] Iter 600; Sample 0, BCE = 0.08281915257331912;
5158.6s 132 [09:53:02] Iter 700; Sample 0, BCE = 0.08264275102170354;
5210.3s 133 [09:53:54] Iter 800; Sample 0, BCE = 0.08250532975219328;
5262.0s 134 [09:54:46] Iter 900; Sample 0, BCE = 0.08238456637090397;
5313.8s 135 [09:55:38] Iter 1000; Sample 0, BCE = 0.0822895392344209;
5365.5s 136 [09:56:29] Iter 1100; Sample 0, BCE = 0.08219957587990344;
5417.2s 137 [09:57:21] Iter 1200; Sample 0, BCE = 0.08213541779735675;
5468.8s 138 [09:58:13] Iter 1300; Sample 0, BCE = 0.08207696086938518;
5520.5s 139 [09:59:04] Iter 1400; Sample 0, BCE = 0.08202511129993964;
5572.0s 140 [09:59:56] Iter 1500; Sample 0, BCE = 0.08198322291273608;
5623.6s 141 [10:00:47] Iter 1600; Sample 0, BCE = 0.08194956439193923;
5675.1s 142 [10:01:39] Iter 1700; Sample 0, BCE = 0.08191708511777948;
5726.7s 143 [10:02:30] Iter 1800; Sample 0, BCE = 0.0818856135452958;
5778.3s 144 [10:03:22] Iter 1900; Sample 0, BCE = 0.08185417636671402;
5829.8s 145 [10:04:14] Iter 2000; Sample 0, BCE = 0.08183189585781897;
5881.4s 146 [10:05:05] Iter 2100; Sample 0, BCE = 0.08181165118056923;
5932.9s 147 [10:05:57] Iter 2200; Sample 0, BCE = 0.08179306214799513;
5984.5s 148 [10:06:48] Iter 2300; Sample 0, BCE = 0.08177332849132841;
6036.0s 149 [10:07:40] Iter 2400; Sample 0, BCE = 0.0817532252175593;
6087.4s 150 [10:08:31] Iter 2500; Sample 0, BCE = 0.08174093054665196;
6138.9s 151 [10:09:23] Iter 2600; Sample 0, BCE = 0.08172397169687068;
6190.3s 152 [10:10:14] Iter 2700; Sample 0, BCE = 0.0817116212093244;
6241.8s 153 [10:11:06] Iter 2800; Sample 0, BCE = 0.08170364679057908;
6293.3s 154 [10:11:57] Iter 2900; Sample 0, BCE = 0.08169212274434581;
6344.8s 155 [10:12:48] Iter 3000; Sample 0, BCE = 0.08168634078288155;
6396.3s 156 [10:13:40] Iter 3100; Sample 0, BCE = 0.08167987827973394;
6447.7s 157 [10:14:31] Iter 3200; Sample 0, BCE = 0.08167256472459847;
6499.2s 158 [10:15:23] Iter 3300; Sample 0, BCE = 0.08166361114547861;
6550.6s 159 [10:16:14] Iter 3400; Sample 0, BCE = 0.08165752618224079;
6602.0s 160 [10:17:06] Iter 3500; Sample 0, BCE = 0.08165570288915766;
6653.5s 161 [10:17:57] Iter 3600; Sample 0, BCE = 0.0816461191830573;
6705.0s 162 [10:18:49] Iter 3700; Sample 0, BCE = 0.08164428142254626;
6756.5s 163 [10:19:40] Iter 3800; Sample 0, BCE = 0.0816377220994587;
6808.0s 164 [10:20:32] Iter 3900; Sample 0, BCE = 0.08163197500161601;
6859.5s 165 [10:21:23] Iter 4000; Sample 0, BCE = 0.08162974536312227;
6911.0s 166 [10:22:15] Iter 4100; Sample 0, BCE = 0.08162664489236725;
6962.5s 167 [10:23:06] Iter 4200; Sample 0, BCE = 0.08162415266759644;
7014.0s 168 [10:23:58] Iter 4300; Sample 0, BCE = 0.0816216700740875;
7065.5s 169 [10:24:49] Iter 4400; Sample 0, BCE = 0.08161850336231886;
7117.0s 170 [10:25:41] Iter 4500; Sample 0, BCE = 0.08161833261012512;
7168.4s 171 [10:26:32] Iter 4600; Sample 0, BCE = 0.08161444061629088;
7219.9s 172 [10:27:24] Iter 4700; Sample 0, BCE = 0.08161557286271333;
7271.4s 173 [10:28:15] Iter 4800; Sample 0, BCE = 0.08161469183807792;
7302.8s 174 [10:28:46] Early stopping at iter 4862, best iter 4662, best_score 0.08161377344188159
7316.7s 175 Fold 3 AUC=0.83605 (42.7 min)
7317.1s 176 
7317.1s 177 ── Fold 4/5 ──
7353.9s 178 [10:29:38] Stdout logging level is INFO.
7353.9s 179 [10:29:38] GDBT train starts. Max iter 5000, early stopping rounds 200
7354.5s 180 [10:29:38] Iter 0; Sample 0, BCE = 0.104702437579228;
7407.6s 181 [10:30:31] Iter 100; Sample 0, BCE = 0.08675154534273279;
7459.2s 182 [10:31:23] Iter 200; Sample 0, BCE = 0.08471458640682661;
7511.4s 183 [10:32:15] Iter 300; Sample 0, BCE = 0.08379405974150983;
7563.4s 184 [10:33:07] Iter 400; Sample 0, BCE = 0.08326236935672182;
7615.4s 185 [10:33:59] Iter 500; Sample 0, BCE = 0.08292713281026674;
7667.4s 186 [10:34:51] Iter 600; Sample 0, BCE = 0.08266188666064213;
7719.2s 187 [10:35:43] Iter 700; Sample 0, BCE = 0.08246263679736605;
7771.0s 188 [10:36:35] Iter 800; Sample 0, BCE = 0.08230708676731582;
7822.8s 189 [10:37:26] Iter 900; Sample 0, BCE = 0.08218738957162236;
7874.5s 190 [10:38:18] Iter 1000; Sample 0, BCE = 0.08208302313401561;
7926.2s 191 [10:39:10] Iter 1100; Sample 0, BCE = 0.0819992276571978;
7977.8s 192 [10:40:01] Iter 1200; Sample 0, BCE = 0.08192900782046302;
8029.4s 193 [10:40:53] Iter 1300; Sample 0, BCE = 0.08186496881678856;
8080.9s 194 [10:41:45] Iter 1400; Sample 0, BCE = 0.08182419957175172;
8132.5s 195 [10:42:36] Iter 1500; Sample 0, BCE = 0.08178045520481782;
8184.0s 196 [10:43:28] Iter 1600; Sample 0, BCE = 0.08175045859923787;
8235.6s 197 [10:44:19] Iter 1700; Sample 0, BCE = 0.08171827575681213;
8287.1s 198 [10:45:11] Iter 1800; Sample 0, BCE = 0.08169155000981683;
8338.7s 199 [10:46:02] Iter 1900; Sample 0, BCE = 0.08165400369160312;
8390.2s 200 [10:46:54] Iter 2000; Sample 0, BCE = 0.08163100595791141;
8441.7s 201 [10:47:45] Iter 2100; Sample 0, BCE = 0.08161221250353473;
8493.3s 202 [10:48:37] Iter 2200; Sample 0, BCE = 0.08158577092607774;
8544.9s 203 [10:49:29] Iter 2300; Sample 0, BCE = 0.08156098633867376;
8596.4s 204 [10:50:20] Iter 2400; Sample 0, BCE = 0.08154681006529377;
8648.0s 205 [10:51:12] Iter 2500; Sample 0, BCE = 0.0815363361316441;
8699.6s 206 [10:52:03] Iter 2600; Sample 0, BCE = 0.0815244589139483;
8751.1s 207 [10:52:55] Iter 2700; Sample 0, BCE = 0.08151116468595;
8802.6s 208 [10:53:46] Iter 2800; Sample 0, BCE = 0.08149877546772968;
8854.2s 209 [10:54:38] Iter 2900; Sample 0, BCE = 0.08149022514095483;
8905.6s 210 [10:55:29] Iter 3000; Sample 0, BCE = 0.08148284437290541;
8957.1s 211 [10:56:21] Iter 3100; Sample 0, BCE = 0.08147401281112744;
9008.6s 212 [10:57:12] Iter 3200; Sample 0, BCE = 0.08146928129047955;
9060.1s 213 [10:58:04] Iter 3300; Sample 0, BCE = 0.08146335339624593;
9111.5s 214 [10:58:55] Iter 3400; Sample 0, BCE = 0.08145642994929157;
9162.9s 215 [10:59:47] Iter 3500; Sample 0, BCE = 0.08145388190101543;
9214.4s 216 [11:00:38] Iter 3600; Sample 0, BCE = 0.08144946039649732;
9265.8s 217 [11:01:30] Iter 3700; Sample 0, BCE = 0.08144684799216746;
9317.3s 218 [11:02:21] Iter 3800; Sample 0, BCE = 0.08144791934323733;
9368.8s 219 [11:03:12] Iter 3900; Sample 0, BCE = 0.08144911594652135;
9420.2s 220 [11:04:04] Iter 4000; Sample 0, BCE = 0.08144687156838634;
9471.7s 221 [11:04:55] Iter 4100; Sample 0, BCE = 0.0814459361695485;
9523.2s 222 [11:05:47] Iter 4200; Sample 0, BCE = 0.08144161219442725;
9574.6s 223 [11:06:38] Iter 4300; Sample 0, BCE = 0.08143949351449957;
9626.1s 224 [11:07:30] Iter 4400; Sample 0, BCE = 0.08143779040546806;
9677.5s 225 [11:08:21] Iter 4500; Sample 0, BCE = 0.08143565036439049;
9729.0s 226 [11:09:13] Iter 4600; Sample 0, BCE = 0.08143206303308023;
9780.5s 227 [11:10:04] Iter 4700; Sample 0, BCE = 0.08142998591452322;
9832.0s 228 [11:10:56] Iter 4800; Sample 0, BCE = 0.08143094049658134;
9868.1s 229 [11:11:32] Early stopping at iter 4871, best iter 4671, best_score 0.08142705690232545
9882.3s 230 Fold 4 AUC=0.83872 (42.8 min)
9882.6s 231 
9882.6s 232 ── Fold 5/5 ──
9919.5s 233 [11:12:23] Stdout logging level is INFO.
9919.5s 234 [11:12:23] GDBT train starts. Max iter 5000, early stopping rounds 200
9920.1s 235 [11:12:24] Iter 0; Sample 0, BCE = 0.10461614137930653;
9973.1s 236 [11:13:17] Iter 100; Sample 0, BCE = 0.08669250383010015;
10024.8s 237 [11:14:08] Iter 200; Sample 0, BCE = 0.08472718552571844;
10076.9s 238 [11:15:01] Iter 300; Sample 0, BCE = 0.08383238319115524;
10128.8s 239 [11:15:53] Iter 400; Sample 0, BCE = 0.08330511599021127;
10180.8s 240 [11:16:44] Iter 500; Sample 0, BCE = 0.08295391468840888;
10232.5s 241 [11:17:36] Iter 600; Sample 0, BCE = 0.08270425806549342;
10284.3s 242 [11:18:28] Iter 700; Sample 0, BCE = 0.08252007515356348;
10335.9s 243 [11:19:20] Iter 800; Sample 0, BCE = 0.08237573092070995;
10387.4s 244 [11:20:11] Iter 900; Sample 0, BCE = 0.08226297645960048;
10438.9s 245 [11:21:03] Iter 1000; Sample 0, BCE = 0.08215382407677299;
10490.6s 246 [11:21:54] Iter 1100; Sample 0, BCE = 0.08208823671483087;
10542.1s 247 [11:22:46] Iter 1200; Sample 0, BCE = 0.08202080160734705;
10593.7s 248 [11:23:37] Iter 1300; Sample 0, BCE = 0.08195255294882954;
10645.2s 249 [11:24:29] Iter 1400; Sample 0, BCE = 0.0819032309255795;
10696.7s 250 [11:25:20] Iter 1500; Sample 0, BCE = 0.08185988796916359;
10748.2s 251 [11:26:12] Iter 1600; Sample 0, BCE = 0.08182099142481807;
10799.7s 252 [11:27:03] Iter 1700; Sample 0, BCE = 0.0817851291209012;
10851.2s 253 [11:27:55] Iter 1800; Sample 0, BCE = 0.08175740434937888;
10902.7s 254 [11:28:46] Iter 1900; Sample 0, BCE = 0.08172836454911986;
10954.2s 255 [11:29:38] Iter 2000; Sample 0, BCE = 0.08170749454492991;
11005.6s 256 [11:30:29] Iter 2100; Sample 0, BCE = 0.08168344404925873;
11057.1s 257 [11:31:21] Iter 2200; Sample 0, BCE = 0.08166937772619691;
11108.6s 258 [11:32:12] Iter 2300; Sample 0, BCE = 0.08164431108192027;
11160.1s 259 [11:33:04] Iter 2400; Sample 0, BCE = 0.08163072131690917;
11211.5s 260 [11:33:55] Iter 2500; Sample 0, BCE = 0.08161429946791517;
11263.0s 261 [11:34:47] Iter 2600; Sample 0, BCE = 0.08159763362225164;
11314.5s 262 [11:35:38] Iter 2700; Sample 0, BCE = 0.08158663244966924;
11365.9s 263 [11:36:30] Iter 2800; Sample 0, BCE = 0.08158228152613078;
11417.3s 264 [11:37:21] Iter 2900; Sample 0, BCE = 0.08157041046175738;
11468.7s 265 [11:38:12] Iter 3000; Sample 0, BCE = 0.0815605899105407;
11520.3s 266 [11:39:04] Iter 3100; Sample 0, BCE = 0.08155286114755492;
11571.7s 267 [11:39:55] Iter 3200; Sample 0, BCE = 0.08154685155545821;
11623.3s 268 [11:40:47] Iter 3300; Sample 0, BCE = 0.08154009095859517;
11674.8s 269 [11:41:38] Iter 3400; Sample 0, BCE = 0.08153701637681246;
11726.5s 270 [11:42:30] Iter 3500; Sample 0, BCE = 0.08152939787129013;
11778.1s 271 [11:43:22] Iter 3600; Sample 0, BCE = 0.08152715198553835;
11829.7s 272 [11:44:13] Iter 3700; Sample 0, BCE = 0.08152124012799358;
11881.1s 273 [11:45:05] Iter 3800; Sample 0, BCE = 0.08151734092367315;
11932.6s 274 [11:45:56] Iter 3900; Sample 0, BCE = 0.08151244634265627;
11984.1s 275 [11:46:48] Iter 4000; Sample 0, BCE = 0.0815116559014106;
12035.8s 276 [11:47:40] Iter 4100; Sample 0, BCE = 0.08150958950938887;
12087.3s 277 [11:48:31] Iter 4200; Sample 0, BCE = 0.08150862158036937;
12138.7s 278 [11:49:22] Iter 4300; Sample 0, BCE = 0.08150275326500339;
12190.2s 279 [11:50:14] Iter 4400; Sample 0, BCE = 0.0815033410963573;
12241.8s 280 [11:51:05] Iter 4500; Sample 0, BCE = 0.08149860786390985;
12293.2s 281 [11:51:57] Iter 4600; Sample 0, BCE = 0.08149895072939545;
12344.7s 282 [11:52:48] Iter 4700; Sample 0, BCE = 0.08150277062729554;
12355.0s 283 [11:52:59] Early stopping at iter 4721, best iter 4521, best_score 0.08149731957216055
12368.6s 284 Fold 5 AUC=0.83654 (41.4 min)
12375.2s 285 
12375.2s 286 [3/4] Results:
12375.2s 287 Fold AUCs: ['0.83760', '0.83707', '0.83605', '0.83872', '0.83654']
12375.2s 288 OOF Macro AUC: 0.83712
12404.8s 289 Saved: checkpoints_pyboost/pyboost_predictions.npz
12404.8s 290 
12404.8s 291 [4/4] Saving submission...
12405.6s 292 Format verified: 250,000 rows, 42 cols
12406.1s 293 Saved: submissions/pyboost.parquet
12406.1s 294 
12406.1s 295 Done in 205.8 min. OOF=0.83712
12413.4s 296 /usr/local/lib/python3.12/dist-packages/mistune.py:435: SyntaxWarning: invalid escape sequence '\|'
12413.4s 297 cells[i][c] = re.sub('\\\\\|', '|', cell)
12413.6s 298 /usr/local/lib/python3.12/dist-packages/nbconvert/filters/filter_links.py:36: SyntaxWarning: invalid escape sequence '\_'
12413.6s 299 text = re.sub(r'_', '\_', text) # Escape underscores in display text
12414.2s 300 [NbConvertApp] Converting notebook __notebook__.ipynb to notebook
12414.6s 301 [NbConvertApp] Writing 37122 bytes to __notebook__.ipynb
12416.9s 302 [NbConvertApp] Converting notebook __notebook__.ipynb to html
12417.7s 303 [NbConvertApp] Writing 324667 bytes to __results__.html